  OSlab2.cpp
c:\users\saveu\documents\visual studio 2017\projects\oslab2_c++_ui\oslab2_c++_ui\OSlab2.h(409): warning C4018: '<': signed/unsigned mismatch
c:\users\saveu\documents\visual studio 2017\projects\oslab2_c++_ui\oslab2_c++_ui\OSlab2.h(421): warning C4018: '<': signed/unsigned mismatch
c:\users\saveu\documents\visual studio 2017\projects\oslab2_c++_ui\oslab2_c++_ui\OSlab2.h(425): warning C4996: 'strcat': This function or variable may be unsafe. Consider using strcat_s instead. To disable deprecation, use _CRT_SECURE_NO_WARNINGS. See online help for details.
  C:\Program Files (x86)\Windows Kits\10\Include\10.0.15063.0\ucrt\string.h(93): note: see declaration of 'strcat'
c:\users\saveu\documents\visual studio 2017\projects\oslab2_c++_ui\oslab2_c++_ui\OSlab2.h(426): warning C4996: 'strcat': This function or variable may be unsafe. Consider using strcat_s instead. To disable deprecation, use _CRT_SECURE_NO_WARNINGS. See online help for details.
  C:\Program Files (x86)\Windows Kits\10\Include\10.0.15063.0\ucrt\string.h(93): note: see declaration of 'strcat'
c:\users\saveu\documents\visual studio 2017\projects\oslab2_c++_ui\oslab2_c++_ui\OSlab2.h(427): warning C4996: 'strcat': This function or variable may be unsafe. Consider using strcat_s instead. To disable deprecation, use _CRT_SECURE_NO_WARNINGS. See online help for details.
  C:\Program Files (x86)\Windows Kits\10\Include\10.0.15063.0\ucrt\string.h(93): note: see declaration of 'strcat'
c:\users\saveu\documents\visual studio 2017\projects\oslab2_c++_ui\oslab2_c++_ui\OSlab2.h(428): warning C4996: 'strcat': This function or variable may be unsafe. Consider using strcat_s instead. To disable deprecation, use _CRT_SECURE_NO_WARNINGS. See online help for details.
  C:\Program Files (x86)\Windows Kits\10\Include\10.0.15063.0\ucrt\string.h(93): note: see declaration of 'strcat'
c:\users\saveu\documents\visual studio 2017\projects\oslab2_c++_ui\oslab2_c++_ui\OSlab2.h(429): warning C4996: 'strcat': This function or variable may be unsafe. Consider using strcat_s instead. To disable deprecation, use _CRT_SECURE_NO_WARNINGS. See online help for details.
  C:\Program Files (x86)\Windows Kits\10\Include\10.0.15063.0\ucrt\string.h(93): note: see declaration of 'strcat'
c:\users\saveu\documents\visual studio 2017\projects\oslab2_c++_ui\oslab2_c++_ui\OSlab2.h(430): warning C4996: 'strcat': This function or variable may be unsafe. Consider using strcat_s instead. To disable deprecation, use _CRT_SECURE_NO_WARNINGS. See online help for details.
  C:\Program Files (x86)\Windows Kits\10\Include\10.0.15063.0\ucrt\string.h(93): note: see declaration of 'strcat'
c:\users\saveu\documents\visual studio 2017\projects\oslab2_c++_ui\oslab2_c++_ui\OSlab2.h(431): warning C4996: 'strcat': This function or variable may be unsafe. Consider using strcat_s instead. To disable deprecation, use _CRT_SECURE_NO_WARNINGS. See online help for details.
  C:\Program Files (x86)\Windows Kits\10\Include\10.0.15063.0\ucrt\string.h(93): note: see declaration of 'strcat'
c:\users\saveu\documents\visual studio 2017\projects\oslab2_c++_ui\oslab2_c++_ui\OSlab2.h(432): warning C4996: 'strcat': This function or variable may be unsafe. Consider using strcat_s instead. To disable deprecation, use _CRT_SECURE_NO_WARNINGS. See online help for details.
  C:\Program Files (x86)\Windows Kits\10\Include\10.0.15063.0\ucrt\string.h(93): note: see declaration of 'strcat'
c:\users\saveu\documents\visual studio 2017\projects\oslab2_c++_ui\oslab2_c++_ui\OSlab2.h(434): warning C4996: 'strcat': This function or variable may be unsafe. Consider using strcat_s instead. To disable deprecation, use _CRT_SECURE_NO_WARNINGS. See online help for details.
  C:\Program Files (x86)\Windows Kits\10\Include\10.0.15063.0\ucrt\string.h(93): note: see declaration of 'strcat'
c:\users\saveu\documents\visual studio 2017\projects\oslab2_c++_ui\oslab2_c++_ui\OSlab2.h(435): warning C4996: 'strcat': This function or variable may be unsafe. Consider using strcat_s instead. To disable deprecation, use _CRT_SECURE_NO_WARNINGS. See online help for details.
  C:\Program Files (x86)\Windows Kits\10\Include\10.0.15063.0\ucrt\string.h(93): note: see declaration of 'strcat'
c:\users\saveu\documents\visual studio 2017\projects\oslab2_c++_ui\oslab2_c++_ui\OSlab2.h(437): warning C4996: 'mbstowcs': This function or variable may be unsafe. Consider using mbstowcs_s instead. To disable deprecation, use _CRT_SECURE_NO_WARNINGS. See online help for details.
  C:\Program Files (x86)\Windows Kits\10\Include\10.0.15063.0\ucrt\stdlib.h(931): note: see declaration of 'mbstowcs'
c:\users\saveu\documents\visual studio 2017\projects\oslab2_c++_ui\oslab2_c++_ui\OSlab2.h(514): warning C4018: '<': signed/unsigned mismatch
c:\users\saveu\documents\visual studio 2017\projects\oslab2_c++_ui\oslab2_c++_ui\OSlab2.h(517): warning C4996: 'strcat': This function or variable may be unsafe. Consider using strcat_s instead. To disable deprecation, use _CRT_SECURE_NO_WARNINGS. See online help for details.
  C:\Program Files (x86)\Windows Kits\10\Include\10.0.15063.0\ucrt\string.h(93): note: see declaration of 'strcat'
c:\users\saveu\documents\visual studio 2017\projects\oslab2_c++_ui\oslab2_c++_ui\OSlab2.h(518): warning C4996: 'strcat': This function or variable may be unsafe. Consider using strcat_s instead. To disable deprecation, use _CRT_SECURE_NO_WARNINGS. See online help for details.
  C:\Program Files (x86)\Windows Kits\10\Include\10.0.15063.0\ucrt\string.h(93): note: see declaration of 'strcat'
c:\users\saveu\documents\visual studio 2017\projects\oslab2_c++_ui\oslab2_c++_ui\OSlab2.h(520): warning C4996: 'strcat': This function or variable may be unsafe. Consider using strcat_s instead. To disable deprecation, use _CRT_SECURE_NO_WARNINGS. See online help for details.
  C:\Program Files (x86)\Windows Kits\10\Include\10.0.15063.0\ucrt\string.h(93): note: see declaration of 'strcat'
c:\users\saveu\documents\visual studio 2017\projects\oslab2_c++_ui\oslab2_c++_ui\OSlab2.h(521): warning C4996: 'strcat': This function or variable may be unsafe. Consider using strcat_s instead. To disable deprecation, use _CRT_SECURE_NO_WARNINGS. See online help for details.
  C:\Program Files (x86)\Windows Kits\10\Include\10.0.15063.0\ucrt\string.h(93): note: see declaration of 'strcat'
  OSlab2_C++_UI.vcxproj -> C:\Users\saveu\documents\visual studio 2017\Projects\OSlab2_C++_UI\Debug\OSlab2_C++_UI.exe
