c:\users\saveu\documents\visual studio 2017\projects\oslab2_c++_ui\oslab2_c++_ui\debug\vc141.pdb
c:\users\saveu\documents\visual studio 2017\projects\oslab2_c++_ui\oslab2_c++_ui\debug\.netframework,version=v4.5.2.assemblyattributes.obj
c:\users\saveu\documents\visual studio 2017\projects\oslab2_c++_ui\oslab2_c++_ui\debug\.netframework,version=v4.5.2.assemblyattributes.asm
c:\users\saveu\documents\visual studio 2017\projects\oslab2_c++_ui\oslab2_c++_ui\debug\oslab2_setup_process.obj
c:\users\saveu\documents\visual studio 2017\projects\oslab2_c++_ui\oslab2_c++_ui\debug\oslab2.obj
c:\users\saveu\documents\visual studio 2017\projects\oslab2_c++_ui\debug\oslab2_c++_ui.exe
c:\users\saveu\documents\visual studio 2017\projects\oslab2_c++_ui\debug\oslab2_c++_ui.pdb
c:\users\saveu\documents\visual studio 2017\projects\oslab2_c++_ui\oslab2_c++_ui\debug\oslab2_c_ui.oslab2.resources
c:\users\saveu\documents\visual studio 2017\projects\oslab2_c++_ui\oslab2_c++_ui\debug\oslab2_c_ui.oslab2_setup_process.resources
c:\users\saveu\documents\visual studio 2017\projects\oslab2_c++_ui\oslab2_c++_ui\debug\oslab2_c++_ui.vcxproj.generateresource.cache
c:\users\saveu\documents\visual studio 2017\projects\oslab2_c++_ui\oslab2_c++_ui\debug\oslab2_c++_ui.vcxprojresolveassemblyreference.cache
c:\users\saveu\documents\visual studio 2017\projects\oslab2_c++_ui\oslab2_c++_ui\debug\oslab2_c++_ui.tlog\cl.command.1.tlog
c:\users\saveu\documents\visual studio 2017\projects\oslab2_c++_ui\oslab2_c++_ui\debug\oslab2_c++_ui.tlog\cl.read.1.tlog
c:\users\saveu\documents\visual studio 2017\projects\oslab2_c++_ui\oslab2_c++_ui\debug\oslab2_c++_ui.tlog\cl.write.1.tlog
c:\users\saveu\documents\visual studio 2017\projects\oslab2_c++_ui\oslab2_c++_ui\debug\oslab2_c++_ui.tlog\link.command.1.tlog
c:\users\saveu\documents\visual studio 2017\projects\oslab2_c++_ui\oslab2_c++_ui\debug\oslab2_c++_ui.tlog\link.read.1.tlog
c:\users\saveu\documents\visual studio 2017\projects\oslab2_c++_ui\oslab2_c++_ui\debug\oslab2_c++_ui.tlog\link.write.1.tlog
c:\users\saveu\documents\visual studio 2017\projects\oslab2_c++_ui\oslab2_c++_ui\debug\oslab2_c++_ui.tlog\metagen.read.1.tlog
c:\users\saveu\documents\visual studio 2017\projects\oslab2_c++_ui\oslab2_c++_ui\debug\oslab2_c++_ui.tlog\metagen.write.1.tlog
c:\users\saveu\documents\visual studio 2017\projects\oslab2_c++_ui\oslab2_c++_ui\debug\oslab2_c++_ui.tlog\oslab2_c++_ui.write.1u.tlog
c:\users\saveu\documents\visual studio 2017\projects\oslab2_c++_ui\oslab2_c++_ui\debug\oslab2_c++_ui.tlog\tzres.dll.bi
